<!DOCTYPE html>
<html>
<head>
<meta http-equiv="Content-Type" content="text/html; charset=utf-8"/>
<meta http-equiv="x-ua-compatible" content="IE=edge"/>
<title>Test results - TestsRunner</title>
<link href="../css/base-style.css" rel="stylesheet" type="text/css"/>
<link href="../css/style.css" rel="stylesheet" type="text/css"/>
<script src="../js/report.js" type="text/javascript"></script>
</head>
<body>
<div id="content">
<h1>TestsRunner</h1>
<div class="breadcrumbs">
<a href="../index.html">all</a> &gt; 
<a href="../packages/qa.reinaldo.html">qa.reinaldo</a> &gt; TestsRunner</div>
<div id="summary">
<table>
<tr>
<td>
<div class="summaryGroup">
<table>
<tr>
<td>
<div class="infoBox" id="tests">
<div class="counter">5</div>
<p>tests</p>
</div>
</td>
<td>
<div class="infoBox" id="failures">
<div class="counter">5</div>
<p>failures</p>
</div>
</td>
<td>
<div class="infoBox" id="ignored">
<div class="counter">0</div>
<p>ignored</p>
</div>
</td>
<td>
<div class="infoBox" id="duration">
<div class="counter">28.030s</div>
<p>duration</p>
</div>
</td>
</tr>
</table>
</div>
</td>
<td>
<div class="infoBox failures" id="successRate">
<div class="percent">0%</div>
<p>successful</p>
</div>
</td>
</tr>
</table>
</div>
<div class="tab-container">
<ul class="tabLinks">
<li>
<a href="#">Failed tests</a>
</li>
<li>
<a href="#">Tests</a>
</li>
</ul>
<div class="tab">
<h2>Failed tests</h2>
<div class="test">
<a name="loginUsuarioSenhaInvalidos()"></a>
<h3 class="failures">loginUsuarioSenhaInvalidos()</h3>
<span class="code">
<pre>org.opentest4j.AssertionFailedError: Unexpected exception type thrown, expected: &lt;org.opentest4j.AssertionFailedError&gt; but was: &lt;kotlin.UninitializedPropertyAccessException&gt;
	at app//org.junit.jupiter.api.AssertionFailureBuilder.build(AssertionFailureBuilder.java:151)
	at app//org.junit.jupiter.api.AssertThrows.assertThrows(AssertThrows.java:67)
	at app//org.junit.jupiter.api.AssertThrows.assertThrows(AssertThrows.java:35)
	at app//org.junit.jupiter.api.Assertions.assertThrows(Assertions.java:3115)
	at app//qa.reinaldo.TestsRunner.loginUsuarioSenhaInvalidos(TestsRunner.kt:70)
	at java.base@17.0.12/java.lang.reflect.Method.invoke(Method.java:568)
	at java.base@17.0.12/java.util.ArrayList.forEach(ArrayList.java:1511)
	at java.base@17.0.12/java.util.ArrayList.forEach(ArrayList.java:1511)
Caused by: kotlin.UninitializedPropertyAccessException: lateinit property idDoUsuario has not been initialized
	at qa.reinaldo._core.screens.ScreenLogin.getIdDoUsuario(ScreenLogin.kt:12)
	at qa.reinaldo._core.screens.ScreenLogin.preencherIdDoUsuario(ScreenLogin.kt:27)
	at qa.reinaldo.TestsRunner.loginUsuarioSenhaInvalidos$lambda$0(TestsRunner.kt:74)
	at org.junit.jupiter.api.AssertThrows.assertThrows(AssertThrows.java:53)
	... 6 more
</pre>
</span>
</div>
<div class="test">
<a name="testComprarProduto()"></a>
<h3 class="failures">testComprarProduto()</h3>
<span class="code">
<pre>kotlin.UninitializedPropertyAccessException: lateinit property cadastrarUsuario has not been initialized
	at qa.reinaldo._core.screens.ScreenRegisterUser.getCadastrarUsuario(ScreenRegisterUser.kt:13)
	at qa.reinaldo._core.screens.ScreenRegisterUser.cadastrarUsuario(ScreenRegisterUser.kt:32)
	at qa.reinaldo.TestsRunner.testComprarProduto(TestsRunner.kt:102)
	at java.base/java.lang.reflect.Method.invoke(Method.java:568)
	at java.base/java.util.ArrayList.forEach(ArrayList.java:1511)
	at java.base/java.util.ArrayList.forEach(ArrayList.java:1511)
</pre>
</span>
</div>
<div class="test">
<a name="testLogout()"></a>
<h3 class="failures">testLogout()</h3>
<span class="code">
<pre>kotlin.UninitializedPropertyAccessException: lateinit property cadastrarUsuario has not been initialized
	at qa.reinaldo._core.screens.ScreenRegisterUser.getCadastrarUsuario(ScreenRegisterUser.kt:13)
	at qa.reinaldo._core.screens.ScreenRegisterUser.cadastrarUsuario(ScreenRegisterUser.kt:32)
	at qa.reinaldo.TestsRunner.testLogout(TestsRunner.kt:132)
	at java.base/java.lang.reflect.Method.invoke(Method.java:568)
	at java.base/java.util.ArrayList.forEach(ArrayList.java:1511)
	at java.base/java.util.ArrayList.forEach(ArrayList.java:1511)
</pre>
</span>
</div>
<div class="test">
<a name="testeCadastrarUsuario()"></a>
<h3 class="failures">CT01 - Teste que realiza o cadastro de usuario.</h3>
<span class="code">
<pre>kotlin.UninitializedPropertyAccessException: lateinit property cadastrarUsuario has not been initialized
	at qa.reinaldo._core.screens.ScreenRegisterUser.getCadastrarUsuario(ScreenRegisterUser.kt:13)
	at qa.reinaldo._core.screens.ScreenRegisterUser.cadastrarUsuario(ScreenRegisterUser.kt:32)
	at qa.reinaldo.TestsRunner.testeCadastrarUsuario(TestsRunner.kt:53)
	at java.base/java.lang.reflect.Method.invoke(Method.java:568)
	at java.base/java.util.ArrayList.forEach(ArrayList.java:1511)
	at java.base/java.util.ArrayList.forEach(ArrayList.java:1511)
</pre>
</span>
</div>
<div class="test">
<a name="testeLogin()"></a>
<h3 class="failures">testeLogin()</h3>
<span class="code">
<pre>kotlin.UninitializedPropertyAccessException: lateinit property idDoUsuario has not been initialized
	at qa.reinaldo._core.screens.ScreenLogin.getIdDoUsuario(ScreenLogin.kt:12)
	at qa.reinaldo._core.screens.ScreenLogin.preencherIdDoUsuario(ScreenLogin.kt:27)
	at qa.reinaldo.TestsRunner.testeLogin(TestsRunner.kt:93)
	at java.base/java.lang.reflect.Method.invoke(Method.java:568)
	at java.base/java.util.ArrayList.forEach(ArrayList.java:1511)
	at java.base/java.util.ArrayList.forEach(ArrayList.java:1511)
</pre>
</span>
</div>
</div>
<div class="tab">
<h2>Tests</h2>
<table>
<thead>
<tr>
<th>Test</th>
<th>Method name</th>
<th>Duration</th>
<th>Result</th>
</tr>
</thead>
<tr>
<td class="failures">loginUsuarioSenhaInvalidos()</td>
<td class="failures">loginUsuarioSenhaInvalidos()</td>
<td class="failures">5.500s</td>
<td class="failures">failed</td>
</tr>
<tr>
<td class="failures">testComprarProduto()</td>
<td class="failures">testComprarProduto()</td>
<td class="failures">5.422s</td>
<td class="failures">failed</td>
</tr>
<tr>
<td class="failures">testLogout()</td>
<td class="failures">testLogout()</td>
<td class="failures">5.383s</td>
<td class="failures">failed</td>
</tr>
<tr>
<td class="failures">CT01 - Teste que realiza o cadastro de usuario.</td>
<td class="failures">testeCadastrarUsuario()</td>
<td class="failures">6.440s</td>
<td class="failures">failed</td>
</tr>
<tr>
<td class="failures">testeLogin()</td>
<td class="failures">testeLogin()</td>
<td class="failures">5.285s</td>
<td class="failures">failed</td>
</tr>
</table>
</div>
</div>
<div id="footer">
<p>
<div>
<label class="hidden" id="label-for-line-wrapping-toggle" for="line-wrapping-toggle">Wrap lines
<input id="line-wrapping-toggle" type="checkbox" autocomplete="off"/>
</label>
</div>Generated by 
<a href="https://www.gradle.org">Gradle 9.0.0</a> at 15 de ago. de 2025 16:34:13</p>
</div>
</div>
</body>
</html>
